<?xml version="1.0" encoding="UTF-8"?>
<testng-results skipped="0" failed="1" ignored="1" total="2" passed="0">
  <reporter-output>
  </reporter-output>
  <suite name="Default suite" duration-ms="244235" started-at="2022-07-08T15:14:04 EDT" finished-at="2022-07-08T15:18:08 EDT">
    <groups>
    </groups>
    <test name="Default test" duration-ms="244235" started-at="2022-07-08T15:14:04 EDT" finished-at="2022-07-08T15:18:08 EDT">
      <class name="com.eisrem.testCases.Module_Organization.TC_Organization_Location_Add_003">
        <test-method status="PASS" signature="testSuiteSetUp()[pri:0, instance:com.eisrem.testCases.Module_Organization.TC_Organization_Location_Add_003@482cd91f]" name="testSuiteSetUp" is-config="true" duration-ms="44" started-at="2022-07-08T15:14:03 EDT" finished-at="2022-07-08T15:14:04 EDT">
          <reporter-output>
          </reporter-output>
        </test-method> <!-- testSuiteSetUp -->
        <test-method status="PASS" signature="testClassSetUp()[pri:0, instance:com.eisrem.testCases.Module_Organization.TC_Organization_Location_Add_003@482cd91f]" name="testClassSetUp" is-config="true" duration-ms="10" started-at="2022-07-08T15:14:04 EDT" finished-at="2022-07-08T15:14:04 EDT">
          <reporter-output>
          </reporter-output>
        </test-method> <!-- testClassSetUp -->
        <test-method status="PASS" signature="testSetUp1(org.testng.ITestResult,[Ljava.lang.Object;)[pri:0, instance:com.eisrem.testCases.Module_Organization.TC_Organization_Location_Add_003@482cd91f]" name="testSetUp1" is-config="true" duration-ms="20617" started-at="2022-07-08T15:14:04 EDT" finished-at="2022-07-08T15:14:24 EDT">
          <params>
            <param index="0">
              <value>
                <![CDATA[[TestResult name={null} status=CREATED method=TC_Organization_Location_Add_003.TC_Location_Add_StateUser_002(java.lang.String)[pri:1, instance:com.eisrem.testCases.Module_Organization.TC_Organization_Location_Add_003@482cd91f] output={null}]]]>
              </value>
            </param>
            <param index="1">
              <value>
                <![CDATA[[Ljava.lang.Object;@629b780f]]>
              </value>
            </param>
          </params>
          <reporter-output>
          </reporter-output>
        </test-method> <!-- testSetUp1 -->
        <test-method status="FAIL" signature="TC_Location_Add_StateUser_002(java.lang.String)[pri:1, instance:com.eisrem.testCases.Module_Organization.TC_Organization_Location_Add_003@482cd91f]" name="TC_Location_Add_StateUser_002" duration-ms="219318" started-at="2022-07-08T15:14:24 EDT" data-provider="Organization" finished-at="2022-07-08T15:18:04 EDT">
          <params>
            <param index="0">
              <value>
                <![CDATA[Organization]]>
              </value>
            </param>
          </params>
          <exception class="java.lang.AssertionError">
            <message>
              <![CDATA[Test Failed. Error occured while trying to complete all steps:  expected [true] but found [false]]]>
            </message>
            <full-stacktrace>
              <![CDATA[java.lang.AssertionError: Test Failed. Error occured while trying to complete all steps:  expected [true] but found [false]
at org.testng.Assert.fail(Assert.java:99)
at org.testng.Assert.failNotEquals(Assert.java:1037)
at org.testng.Assert.assertTrue(Assert.java:45)
at com.eisrem.AppUtils.SeleniumHelper.assertFail(SeleniumHelper.java:802)
at com.eisrem.testCases.Module_Organization.TC_Organization_Location_Add_003.TC_Location_Add_StateUser_002(TC_Organization_Location_Add_003.java:82)
at sun.reflect.NativeMethodAccessorImpl.invoke0(Native Method)
at sun.reflect.NativeMethodAccessorImpl.invoke(NativeMethodAccessorImpl.java:62)
at sun.reflect.DelegatingMethodAccessorImpl.invoke(DelegatingMethodAccessorImpl.java:43)
at java.lang.reflect.Method.invoke(Method.java:498)
at org.testng.internal.MethodInvocationHelper.invokeMethod(MethodInvocationHelper.java:133)
at org.testng.internal.TestInvoker.invokeMethod(TestInvoker.java:598)
at org.testng.internal.TestInvoker.invokeTestMethod(TestInvoker.java:173)
at org.testng.internal.MethodRunner.runInSequence(MethodRunner.java:46)
at org.testng.internal.TestInvoker$MethodInvocationAgent.invoke(TestInvoker.java:824)
at org.testng.internal.TestInvoker.invokeTestMethods(TestInvoker.java:146)
at org.testng.internal.TestMethodWorker.invokeTestMethods(TestMethodWorker.java:146)
at org.testng.internal.TestMethodWorker.run(TestMethodWorker.java:128)
at java.util.ArrayList.forEach(ArrayList.java:1259)
at org.testng.TestRunner.privateRun(TestRunner.java:794)
at org.testng.TestRunner.run(TestRunner.java:596)
at org.testng.SuiteRunner.runTest(SuiteRunner.java:377)
at org.testng.SuiteRunner.runSequentially(SuiteRunner.java:371)
at org.testng.SuiteRunner.privateRun(SuiteRunner.java:332)
at org.testng.SuiteRunner.run(SuiteRunner.java:276)
at org.testng.SuiteRunnerWorker.runSuite(SuiteRunnerWorker.java:53)
at org.testng.SuiteRunnerWorker.run(SuiteRunnerWorker.java:96)
at org.testng.TestNG.runSuitesSequentially(TestNG.java:1212)
at org.testng.TestNG.runSuitesLocally(TestNG.java:1134)
at org.testng.TestNG.runSuites(TestNG.java:1063)
at org.testng.TestNG.run(TestNG.java:1031)
at org.testng.remote.AbstractRemoteTestNG.run(AbstractRemoteTestNG.java:115)
at org.testng.remote.RemoteTestNG.initAndRun(RemoteTestNG.java:251)
at org.testng.remote.RemoteTestNG.main(RemoteTestNG.java:77)
]]>
            </full-stacktrace>
          </exception> <!-- java.lang.AssertionError -->
          <reporter-output>
          </reporter-output>
        </test-method> <!-- TC_Location_Add_StateUser_002 -->
        <test-method status="PASS" signature="tearDown(org.testng.ITestResult)[pri:0, instance:com.eisrem.testCases.Module_Organization.TC_Organization_Location_Add_003@482cd91f]" name="tearDown" is-config="true" duration-ms="4206" started-at="2022-07-08T15:18:04 EDT" finished-at="2022-07-08T15:18:08 EDT">
          <params>
            <param index="0">
              <value>
                <![CDATA[[TestResult name=TC_Location_Add_StateUser_002 status=FAILURE method=TC_Organization_Location_Add_003.TC_Location_Add_StateUser_002(java.lang.String)[pri:1, instance:com.eisrem.testCases.Module_Organization.TC_Organization_Location_Add_003@482cd91f] output={null}]]]>
              </value>
            </param>
          </params>
          <reporter-output>
          </reporter-output>
        </test-method> <!-- tearDown -->
      </class> <!-- com.eisrem.testCases.Module_Organization.TC_Organization_Location_Add_003 -->
    </test> <!-- Default test -->
  </suite> <!-- Default suite -->
</testng-results>
